<?xml version="1.0" encoding="UTF-8"?>
<testng-results skipped="0" failed="0" ignored="0" total="2" passed="2">
  <reporter-output>
  </reporter-output>
  <suite name="nopCommerce" duration-ms="31034" started-at="2020-01-02T05:44:00Z" finished-at="2020-01-02T05:44:31Z">
    <groups>
    </groups>
    <test name="Test1" duration-ms="31034" started-at="2020-01-02T05:44:00Z" finished-at="2020-01-02T05:44:31Z">
      <class name="com.nopcommerce.testCases.TC_LoginTest_001">
        <test-method status="PASS" signature="setup(java.lang.String)[pri:0, instance:com.nopcommerce.testCases.TC_LoginTest_001@340f438e]" name="setup" is-config="true" duration-ms="3838" started-at="2020-01-02T05:44:00Z" finished-at="2020-01-02T05:44:04Z">
          <params>
            <param index="0">
              <value>
                <![CDATA[chrome]]>
              </value>
            </param>
          </params>
          <reporter-output>
          </reporter-output>
        </test-method> <!-- setup -->
        <test-method status="PASS" signature="loginTest()[pri:0, instance:com.nopcommerce.testCases.TC_LoginTest_001@340f438e]" name="loginTest" duration-ms="9083" started-at="2020-01-02T05:44:04Z" finished-at="2020-01-02T05:44:13Z">
          <reporter-output>
          </reporter-output>
        </test-method> <!-- loginTest -->
        <test-method status="PASS" signature="tearDown()[pri:0, instance:com.nopcommerce.testCases.TC_LoginTest_001@340f438e]" name="tearDown" is-config="true" duration-ms="678" started-at="2020-01-02T05:44:13Z" finished-at="2020-01-02T05:44:14Z">
          <reporter-output>
          </reporter-output>
        </test-method> <!-- tearDown -->
      </class> <!-- com.nopcommerce.testCases.TC_LoginTest_001 -->
      <class name="com.nopcommerce.testCases.TC_AddCustomerTest_003">
        <test-method status="PASS" signature="setup(java.lang.String)[pri:0, instance:com.nopcommerce.testCases.TC_AddCustomerTest_003@30c7da1e]" name="setup" is-config="true" duration-ms="2959" started-at="2020-01-02T05:44:14Z" finished-at="2020-01-02T05:44:17Z">
          <params>
            <param index="0">
              <value>
                <![CDATA[chrome]]>
              </value>
            </param>
          </params>
          <reporter-output>
          </reporter-output>
        </test-method> <!-- setup -->
        <test-method status="PASS" signature="addNewCustomer()[pri:0, instance:com.nopcommerce.testCases.TC_AddCustomerTest_003@30c7da1e]" name="addNewCustomer" duration-ms="13547" started-at="2020-01-02T05:44:17Z" finished-at="2020-01-02T05:44:30Z">
          <reporter-output>
          </reporter-output>
        </test-method> <!-- addNewCustomer -->
        <test-method status="PASS" signature="tearDown()[pri:0, instance:com.nopcommerce.testCases.TC_AddCustomerTest_003@30c7da1e]" name="tearDown" is-config="true" duration-ms="683" started-at="2020-01-02T05:44:30Z" finished-at="2020-01-02T05:44:31Z">
          <reporter-output>
          </reporter-output>
        </test-method> <!-- tearDown -->
      </class> <!-- com.nopcommerce.testCases.TC_AddCustomerTest_003 -->
    </test> <!-- Test1 -->
  </suite> <!-- nopCommerce -->
</testng-results>
